HW04/Chat-Server-Oneway/app/build/intermediates/manifest_merge_blame_file/debug/manifest-merger-blame-debug-report.txt
1<?xml version="1.0" encoding="utf-8"?>
2<manifest xmlns:android="http://schemas.android.com/apk/res/android"
3    package="edu.stevens.cs522.chatserver"
4    android:versionCode="1"
5    android:versionName="1.0" >
6
7    <uses-sdk
8        android:minSdkVersion="26"
9        android:targetSdkVersion="34" />
10
11    <uses-permission android:name="android.permission.READ_EXTERNAL_STORAGE" />
11-->src\main\AndroidManifest.xml:5:5-80
11-->src\main\AndroidManifest.xml:5:22-77
12    <uses-permission android:name="android.permission.WRITE_EXTERNAL_STORAGE" />
12-->src\main\AndroidManifest.xml:7:5-9:40
12-->src\main\AndroidManifest.xml:8:9-65
13    <uses-permission android:name="android.permission.INTERNET" />
13-->src\main\AndroidManifest.xml:11:5-67
13-->src\main\AndroidManifest.xml:11:22-64
14    <uses-permission android:name="android.permission.ACCESS_NETWORK_STATE" />
14-->src\main\AndroidManifest.xml:12:5-79
14-->src\main\AndroidManifest.xml:12:22-76
15    <uses-permission android:name="android.permission.READ_SMS" />
15-->[cs522-library.aar] AndroidManifest.xml:9:5-67
15-->[cs522-library.aar] AndroidManifest.xml:9:22-64
16    <uses-permission android:name="android.permission.RECEIVE_SMS" />
16-->[cs522-library.aar] AndroidManifest.xml:10:5-70
16-->[cs522-library.aar] AndroidManifest.xml:10:22-67
17    <uses-permission android:name="android.permission.SEND_SMS" /> <!-- Required for receiving MMS -->
17-->[cs522-library.aar] AndroidManifest.xml:11:5-67
17-->[cs522-library.aar] AndroidManifest.xml:11:22-64
18    <!-- <uses-permission android:name="android.permission.RECEIVE_MMS" /> -->
19    <!-- <uses-permission android:name="android.permission.RECEIVE_WAP_PUSH" /> -->
20    <uses-permission android:name="android.permission.WAKE_LOCK" />
20-->[cs522-library.aar] AndroidManifest.xml:17:5-68
20-->[cs522-library.aar] AndroidManifest.xml:17:22-65
21
22    <application
22-->src\main\AndroidManifest.xml:14:5-31:19
23        android:allowBackup="true"
23-->src\main\AndroidManifest.xml:15:9-35
24        android:appComponentFactory="androidx.core.app.CoreComponentFactory"
24-->[androidx.core:core:1.8.0] AndroidManifest.xml:24:18-86
25        android:debuggable="true"
26        android:extractNativeLibs="false"
27        android:icon="@mipmap/ic_launcher"
27-->src\main\AndroidManifest.xml:16:9-43
28        android:label="@string/app_name"
28-->src\main\AndroidManifest.xml:17:9-41
29        android:roundIcon="@mipmap/ic_launcher_round"
29-->[cs522-library.aar] AndroidManifest.xml:23:9-54
30        android:supportsRtl="true"
30-->src\main\AndroidManifest.xml:18:9-35
31        android:testOnly="true"
32        android:theme="@style/AppTheme" >
32-->src\main\AndroidManifest.xml:19:9-40
33        <activity
33-->src\main\AndroidManifest.xml:20:9-28:20
34            android:name="edu.stevens.cs522.chatserver.activities.ChatServerActivity"
34-->src\main\AndroidManifest.xml:21:13-58
35            android:exported="true" >
35-->src\main\AndroidManifest.xml:22:13-36
36            <intent-filter>
36-->src\main\AndroidManifest.xml:23:13-27:29
37                <action android:name="android.intent.action.MAIN" />
37-->src\main\AndroidManifest.xml:24:17-69
37-->src\main\AndroidManifest.xml:24:25-66
38
39                <category android:name="android.intent.category.LAUNCHER" />
39-->src\main\AndroidManifest.xml:26:17-77
39-->src\main\AndroidManifest.xml:26:27-74
40            </intent-filter>
41        </activity>
42        <activity android:name="edu.stevens.cs522.chatserver.activities.ViewPeersActivity" />
42-->src\main\AndroidManifest.xml:29:9-66
42-->src\main\AndroidManifest.xml:29:19-63
43        <activity android:name="edu.stevens.cs522.chatserver.activities.ViewPeerActivity" />
43-->src\main\AndroidManifest.xml:30:9-64
43-->src\main\AndroidManifest.xml:30:19-62
44
45        <receiver
45-->[cs522-library.aar] AndroidManifest.xml:26:9-38:20
46            android:name="edu.stevens.cs522.base.sms.ChatMessageReceiver"
46-->[cs522-library.aar] AndroidManifest.xml:27:13-74
47            android:enabled="true"
47-->[cs522-library.aar] AndroidManifest.xml:28:13-35
48            android:exported="true" >
48-->[cs522-library.aar] AndroidManifest.xml:29:13-36
49            <intent-filter>
49-->[cs522-library.aar] AndroidManifest.xml:30:13-37:29
50                <action android:name="android.provider.Telephony.SMS_RECEIVED" />
50-->[cs522-library.aar] AndroidManifest.xml:31:17-82
50-->[cs522-library.aar] AndroidManifest.xml:31:25-79
51                <action android:name="android.provider.Telephony.SMS_DELIVER" />
51-->[cs522-library.aar] AndroidManifest.xml:32:17-81
51-->[cs522-library.aar] AndroidManifest.xml:32:25-78
52
53                <!-- Required for MMS receiver -->
54                <!-- <action android:name="android.provider.Telephony.WAP_PUSH_DELIVER" /> -->
55                <!-- <data android:mimeType="application/vnd.wap.mms-message" /> -->
56            </intent-filter>
57        </receiver>
58
59        <service
59-->[cs522-library.aar] AndroidManifest.xml:40:9-43:40
60            android:name="edu.stevens.cs522.base.work.WorkIntentService"
60-->[cs522-library.aar] AndroidManifest.xml:41:13-73
61            android:enabled="true"
61-->[cs522-library.aar] AndroidManifest.xml:42:13-35
62            android:exported="false" />
62-->[cs522-library.aar] AndroidManifest.xml:43:13-37
63        <service
63-->[androidx.room:room-runtime:2.6.1] AndroidManifest.xml:24:9-28:63
64            android:name="androidx.room.MultiInstanceInvalidationService"
64-->[androidx.room:room-runtime:2.6.1] AndroidManifest.xml:25:13-74
65            android:directBootAware="true"
65-->[androidx.room:room-runtime:2.6.1] AndroidManifest.xml:26:13-43
66            android:exported="false" />
66-->[androidx.room:room-runtime:2.6.1] AndroidManifest.xml:27:13-37
67
68        <provider
68-->[androidx.profileinstaller:profileinstaller:1.3.0] AndroidManifest.xml:24:9-32:20
69            android:name="androidx.startup.InitializationProvider"
69-->[androidx.profileinstaller:profileinstaller:1.3.0] AndroidManifest.xml:25:13-67
70            android:authorities="edu.stevens.cs522.chatserver.androidx-startup"
70-->[androidx.profileinstaller:profileinstaller:1.3.0] AndroidManifest.xml:26:13-68
71            android:exported="false" >
71-->[androidx.profileinstaller:profileinstaller:1.3.0] AndroidManifest.xml:27:13-37
72            <meta-data
72-->[androidx.profileinstaller:profileinstaller:1.3.0] AndroidManifest.xml:29:13-31:52
73                android:name="androidx.profileinstaller.ProfileInstallerInitializer"
73-->[androidx.profileinstaller:profileinstaller:1.3.0] AndroidManifest.xml:30:17-85
74                android:value="androidx.startup" />
74-->[androidx.profileinstaller:profileinstaller:1.3.0] AndroidManifest.xml:31:17-49
75        </provider>
76
77        <receiver
77-->[androidx.profileinstaller:profileinstaller:1.3.0] AndroidManifest.xml:34:9-52:20
78            android:name="androidx.profileinstaller.ProfileInstallReceiver"
78-->[androidx.profileinstaller:profileinstaller:1.3.0] AndroidManifest.xml:35:13-76
79            android:directBootAware="false"
79-->[androidx.profileinstaller:profileinstaller:1.3.0] AndroidManifest.xml:36:13-44
80            android:enabled="true"
80-->[androidx.profileinstaller:profileinstaller:1.3.0] AndroidManifest.xml:37:13-35
81            android:exported="true"
81-->[androidx.profileinstaller:profileinstaller:1.3.0] AndroidManifest.xml:38:13-36
82            android:permission="android.permission.DUMP" >
82-->[androidx.profileinstaller:profileinstaller:1.3.0] AndroidManifest.xml:39:13-57
83            <intent-filter>
83-->[androidx.profileinstaller:profileinstaller:1.3.0] AndroidManifest.xml:40:13-42:29
84                <action android:name="androidx.profileinstaller.action.INSTALL_PROFILE" />
84-->[androidx.profileinstaller:profileinstaller:1.3.0] AndroidManifest.xml:41:17-91
84-->[androidx.profileinstaller:profileinstaller:1.3.0] AndroidManifest.xml:41:25-88
85            </intent-filter>
86            <intent-filter>
86-->[androidx.profileinstaller:profileinstaller:1.3.0] AndroidManifest.xml:43:13-45:29
87                <action android:name="androidx.profileinstaller.action.SKIP_FILE" />
87-->[androidx.profileinstaller:profileinstaller:1.3.0] AndroidManifest.xml:44:17-85
87-->[androidx.profileinstaller:profileinstaller:1.3.0] AndroidManifest.xml:44:25-82
88            </intent-filter>
89            <intent-filter>
89-->[androidx.profileinstaller:profileinstaller:1.3.0] AndroidManifest.xml:46:13-48:29
90                <action android:name="androidx.profileinstaller.action.SAVE_PROFILE" />
90-->[androidx.profileinstaller:profileinstaller:1.3.0] AndroidManifest.xml:47:17-88
90-->[androidx.profileinstaller:profileinstaller:1.3.0] AndroidManifest.xml:47:25-85
91            </intent-filter>
92            <intent-filter>
92-->[androidx.profileinstaller:profileinstaller:1.3.0] AndroidManifest.xml:49:13-51:29
93                <action android:name="androidx.profileinstaller.action.BENCHMARK_OPERATION" />
93-->[androidx.profileinstaller:profileinstaller:1.3.0] AndroidManifest.xml:50:17-95
93-->[androidx.profileinstaller:profileinstaller:1.3.0] AndroidManifest.xml:50:25-92
94            </intent-filter>
95        </receiver>
96    </application>
97
98</manifest>